TN:
SF:src\app\services\api-gatos.service.ts
FN:5,(anonymous_0)
FN:6,ApiGatosService
FN:9,(anonymous_2)
FN:13,(anonymous_3)
FN:16,(anonymous_4)
FN:26,(anonymous_5)
FNF:6
FNH:3
FNDA:1,(anonymous_0)
FNDA:4,ApiGatosService
FNDA:4,(anonymous_2)
FNDA:0,(anonymous_3)
FNDA:0,(anonymous_4)
FNDA:0,(anonymous_5)
DA:5,1
DA:7,4
DA:9,1
DA:10,4
DA:11,4
DA:13,4
DA:14,4
DA:16,1
DA:17,0
DA:18,0
DA:19,0
DA:22,0
DA:24,0
DA:26,1
DA:29,1
DA:33,1
LF:16
LH:11
BRDA:18,0,0,0
BRDA:18,0,1,0
BRF:2
BRH:0
end_of_record
TN:
SF:src\app\services\api-login.service.ts
FN:2,(anonymous_0)
FN:3,ApiLoginService
FN:5,(anonymous_2)
FN:6,(anonymous_3)
FN:8,(anonymous_4)
FN:13,(anonymous_5)
FN:13,(anonymous_6)
FN:13,(anonymous_7)
FN:20,(anonymous_8)
FNF:9
FNH:9
FNDA:1,(anonymous_0)
FNDA:6,ApiLoginService
FNDA:7,(anonymous_2)
FNDA:7,(anonymous_3)
FNDA:7,(anonymous_4)
FNDA:7,(anonymous_5)
FNDA:7,(anonymous_6)
FNDA:7,(anonymous_7)
FNDA:7,(anonymous_8)
DA:2,1
DA:5,1
DA:6,7
DA:7,7
DA:8,7
DA:9,7
DA:10,7
DA:11,7
DA:12,7
DA:13,7
DA:14,7
DA:15,7
DA:20,1
DA:21,7
DA:22,7
DA:23,1
DA:26,6
DA:29,1
DA:33,1
LF:19
LH:19
BRDA:22,0,0,1
BRDA:22,0,1,6
BRDA:22,1,0,7
BRDA:22,1,1,6
BRF:4
BRH:4
end_of_record
TN:
SF:src\app\use_case\gatos\uc-gatos.service.ts
FN:5,(anonymous_0)
FN:6,UcGatosService
FN:10,(anonymous_2)
FN:13,(anonymous_3)
FN:17,(anonymous_4)
FN:39,(anonymous_5)
FNF:6
FNH:5
FNDA:1,(anonymous_0)
FNDA:3,UcGatosService
FNDA:1,(anonymous_2)
FNDA:3,(anonymous_3)
FNDA:3,(anonymous_4)
FNDA:0,(anonymous_5)
DA:5,1
DA:7,3
DA:8,3
DA:10,1
DA:11,1
DA:13,1
DA:14,3
DA:16,3
DA:17,3
DA:18,3
DA:19,3
DA:20,3
DA:21,2
DA:22,2
DA:23,2
DA:24,2
DA:27,3
DA:28,1
DA:30,3
DA:32,3
DA:35,0
DA:37,3
DA:39,1
DA:42,1
DA:48,1
LF:25
LH:24
BRDA:16,0,0,3
BRDA:16,0,1,0
BRDA:22,1,0,2
BRDA:22,1,1,0
BRDA:27,2,0,1
BRDA:27,2,1,2
BRF:6
BRH:4
end_of_record
TN:
SF:src\app\use_case\ingreso\uc-ingreso.service.ts
FN:3,(anonymous_0)
FN:4,UcIngresoService
FN:8,(anonymous_2)
FN:9,(anonymous_3)
FN:12,(anonymous_4)
FN:21,(anonymous_5)
FN:21,(anonymous_6)
FN:22,(anonymous_7)
FN:29,(anonymous_8)
FN:29,(anonymous_9)
FN:30,(anonymous_10)
FN:39,(anonymous_11)
FNF:12
FNH:8
FNDA:1,(anonymous_0)
FNDA:6,UcIngresoService
FNDA:9,(anonymous_2)
FNDA:9,(anonymous_3)
FNDA:18,(anonymous_4)
FNDA:9,(anonymous_5)
FNDA:9,(anonymous_6)
FNDA:9,(anonymous_7)
FNDA:0,(anonymous_8)
FNDA:0,(anonymous_9)
FNDA:0,(anonymous_10)
FNDA:0,(anonymous_11)
DA:3,1
DA:5,6
DA:6,6
DA:8,1
DA:9,9
DA:11,9
DA:12,9
DA:13,18
DA:15,9
DA:16,9
DA:17,9
DA:18,9
DA:20,9
DA:21,9
DA:22,9
DA:23,9
DA:24,9
DA:28,0
DA:29,0
DA:30,0
DA:31,0
DA:32,0
DA:39,1
DA:42,1
DA:48,1
LF:25
LH:20
BRDA:13,0,0,9
BRDA:13,0,1,9
BRDA:13,0,2,0
BRDA:16,1,0,0
BRDA:16,1,1,9
BRF:5
BRH:3
end_of_record
TN:
SF:src\tests\example.spec.ts
FN:2,(anonymous_0)
FN:3,(anonymous_1)
FN:7,(anonymous_2)
FN:8,(anonymous_3)
FN:12,(anonymous_4)
FN:13,(anonymous_5)
FN:16,(anonymous_6)
FNF:7
FNH:5
FNDA:1,(anonymous_0)
FNDA:1,(anonymous_1)
FNDA:1,(anonymous_2)
FNDA:0,(anonymous_3)
FNDA:1,(anonymous_4)
FNDA:1,(anonymous_5)
FNDA:0,(anonymous_6)
DA:2,1
DA:3,1
DA:4,1
DA:7,1
DA:8,1
DA:9,0
DA:12,1
DA:13,1
DA:14,1
DA:16,1
DA:17,0
LF:11
LH:9
BRF:0
BRH:0
end_of_record
TN:
SF:src\tests\exampleObservable.spec.ts
FN:7,(anonymous_0)
FN:12,(anonymous_1)
FN:16,(anonymous_2)
FN:21,(anonymous_3)
FN:27,(anonymous_4)
FN:32,(anonymous_5)
FN:36,(anonymous_6)
FN:41,(anonymous_7)
FN:45,(anonymous_8)
FN:50,(anonymous_9)
FNF:10
FNH:10
FNDA:1,(anonymous_0)
FNDA:1,(anonymous_1)
FNDA:1,(anonymous_2)
FNDA:1,(anonymous_3)
FNDA:1,(anonymous_4)
FNDA:1,(anonymous_5)
FNDA:1,(anonymous_6)
FNDA:1,(anonymous_7)
FNDA:1,(anonymous_8)
FNDA:1,(anonymous_9)
DA:7,1
DA:10,1
DA:11,1
DA:12,1
DA:13,1
DA:14,1
DA:15,1
DA:16,1
DA:17,1
DA:21,1
DA:25,1
DA:26,1
DA:27,1
DA:28,1
DA:29,1
DA:30,1
DA:31,1
DA:32,1
DA:33,1
DA:36,1
DA:37,1
DA:38,1
DA:39,1
DA:40,1
DA:41,1
DA:42,1
DA:45,1
DA:46,1
DA:47,1
DA:48,1
DA:49,1
DA:50,1
DA:51,1
LF:33
LH:33
BRF:0
BRH:0
end_of_record
TN:
SF:src\tests\examplePromise.spec.ts
FN:7,(anonymous_0)
FN:12,(anonymous_1)
FN:17,(anonymous_2)
FN:22,(anonymous_3)
FN:22,(anonymous_4)
FN:22,(anonymous_5)
FN:26,(anonymous_6)
FN:31,(anonymous_7)
FN:36,(anonymous_8)
FN:36,(anonymous_9)
FN:36,(anonymous_10)
FN:40,(anonymous_11)
FN:45,(anonymous_12)
FN:50,(anonymous_13)
FN:55,(anonymous_14)
FN:60,(anonymous_15)
FN:65,(anonymous_16)
FN:74,(anonymous_17)
FNF:18
FNH:18
FNDA:1,(anonymous_0)
FNDA:1,(anonymous_1)
FNDA:1,(anonymous_2)
FNDA:1,(anonymous_3)
FNDA:1,(anonymous_4)
FNDA:1,(anonymous_5)
FNDA:1,(anonymous_6)
FNDA:1,(anonymous_7)
FNDA:1,(anonymous_8)
FNDA:1,(anonymous_9)
FNDA:1,(anonymous_10)
FNDA:1,(anonymous_11)
FNDA:1,(anonymous_12)
FNDA:1,(anonymous_13)
FNDA:1,(anonymous_14)
FNDA:1,(anonymous_15)
FNDA:1,(anonymous_16)
FNDA:1,(anonymous_17)
DA:7,1
DA:10,1
DA:11,1
DA:12,1
DA:13,1
DA:14,1
DA:15,1
DA:17,1
DA:18,1
DA:20,1
DA:21,1
DA:22,1
DA:23,1
DA:24,1
DA:26,1
DA:27,1
DA:28,1
DA:31,1
DA:32,1
DA:34,1
DA:35,1
DA:36,1
DA:37,1
DA:38,1
DA:40,1
DA:41,1
DA:42,1
DA:45,1
DA:46,1
DA:48,1
DA:49,1
DA:50,1
DA:51,1
DA:52,1
DA:55,1
DA:56,1
DA:58,1
DA:59,1
DA:60,1
DA:61,1
DA:62,1
DA:65,1
DA:66,1
DA:68,1
DA:69,1
DA:70,1
DA:71,1
DA:72,1
DA:73,1
DA:74,1
DA:75,1
DA:76,1
LF:52
LH:52
BRF:0
BRH:0
end_of_record
TN:
SF:src\tests\setup.ts
FNF:0
FNH:0
DA:3,1
LF:1
LH:1
BRF:0
BRH:0
end_of_record
